<?xml version="1.0" encoding="UTF-8"?>
<coverage generated="1782714948263" clover="3.2.0">
  <project timestamp="1782714948264" name="All files">
    <metrics statements="163" coveredstatements="128" conditionals="74" coveredconditionals="44" methods="46" coveredmethods="34" elements="283" coveredelements="206" complexity="0" loc="163" ncloc="163" packages="1" files="2" classes="2"/>
    <file name="ForumDisplay.js" path="/workspaces/C270-E62H-Team-4/frontend/components/ForumDisplay.js">
      <metrics statements="85" coveredstatements="67" conditionals="31" coveredconditionals="18" methods="25" coveredmethods="22"/>
      <line num="12" count="24" type="stmt"/>
      <line num="13" count="24" type="stmt"/>
      <line num="14" count="24" type="stmt"/>
      <line num="15" count="24" type="stmt"/>
      <line num="16" count="24" type="cond" truecount="2" falsecount="0"/>
      <line num="18" count="24" type="stmt"/>
      <line num="22" count="24" type="stmt"/>
      <line num="33" count="24" type="stmt"/>
      <line num="34" count="24" type="stmt"/>
      <line num="38" count="24" type="stmt"/>
      <line num="39" count="24" type="cond" truecount="1" falsecount="1"/>
      <line num="40" count="24" type="stmt"/>
      <line num="45" count="24" type="stmt"/>
      <line num="47" count="24" type="stmt"/>
      <line num="48" count="24" type="stmt"/>
      <line num="50" count="0" type="stmt"/>
      <line num="51" count="0" type="stmt"/>
      <line num="56" count="24" type="stmt"/>
      <line num="85" count="29" type="stmt"/>
      <line num="86" count="29" type="cond" truecount="1" falsecount="1"/>
      <line num="88" count="58" type="stmt"/>
      <line num="104" count="29" type="stmt"/>
      <line num="105" count="58" type="stmt"/>
      <line num="106" count="1" type="stmt"/>
      <line num="107" count="1" type="stmt"/>
      <line num="108" count="1" type="stmt"/>
      <line num="114" count="9" type="stmt"/>
      <line num="115" count="9" type="cond" truecount="1" falsecount="1"/>
      <line num="117" count="9" type="stmt"/>
      <line num="118" count="9" type="stmt"/>
      <line num="120" count="9" type="stmt"/>
      <line num="133" count="28" type="stmt"/>
      <line num="151" count="9" type="stmt"/>
      <line num="152" count="9" type="stmt"/>
      <line num="154" count="9" type="stmt"/>
      <line num="155" count="9" type="cond" truecount="1" falsecount="1"/>
      <line num="156" count="9" type="stmt"/>
      <line num="157" count="1" type="stmt"/>
      <line num="158" count="1" type="stmt"/>
      <line num="162" count="9" type="stmt"/>
      <line num="163" count="9" type="cond" truecount="1" falsecount="1"/>
      <line num="164" count="9" type="stmt"/>
      <line num="169" count="2" type="stmt"/>
      <line num="170" count="2" type="cond" truecount="4" falsecount="0"/>
      <line num="171" count="1" type="stmt"/>
      <line num="172" count="1" type="stmt"/>
      <line num="175" count="1" type="stmt"/>
      <line num="176" count="1" type="cond" truecount="1" falsecount="1"/>
      <line num="177" count="1" type="stmt"/>
      <line num="184" count="1" type="stmt"/>
      <line num="185" count="1" type="stmt"/>
      <line num="187" count="1" type="stmt"/>
      <line num="188" count="1" type="stmt"/>
      <line num="189" count="1" type="stmt"/>
      <line num="194" count="0" type="stmt"/>
      <line num="195" count="0" type="stmt"/>
      <line num="196" count="0" type="stmt"/>
      <line num="210" count="0" type="stmt"/>
      <line num="212" count="0" type="stmt"/>
      <line num="213" count="0" type="cond" truecount="0" falsecount="2"/>
      <line num="214" count="0" type="stmt"/>
      <line num="215" count="0" type="stmt"/>
      <line num="216" count="0" type="stmt"/>
      <line num="217" count="0" type="stmt"/>
      <line num="219" count="0" type="cond" truecount="0" falsecount="4"/>
      <line num="220" count="0" type="stmt"/>
      <line num="230" count="0" type="stmt"/>
      <line num="231" count="0" type="stmt"/>
      <line num="232" count="0" type="stmt"/>
      <line num="233" count="0" type="stmt"/>
      <line num="240" count="260" type="stmt"/>
      <line num="241" count="260" type="stmt"/>
      <line num="242" count="260" type="stmt"/>
      <line num="246" count="96" type="stmt"/>
      <line num="256" count="1" type="stmt"/>
      <line num="260" count="3" type="stmt"/>
      <line num="264" count="4" type="stmt"/>
      <line num="265" count="4" type="stmt"/>
      <line num="266" count="4" type="stmt"/>
      <line num="267" count="4" type="stmt"/>
      <line num="278" count="4" type="stmt"/>
      <line num="280" count="4" type="stmt"/>
      <line num="281" count="4" type="stmt"/>
      <line num="287" count="1" type="cond" truecount="3" falsecount="1"/>
      <line num="288" count="1" type="stmt"/>
    </file>
    <file name="RichTextEditor.js" path="/workspaces/C270-E62H-Team-4/frontend/components/RichTextEditor.js">
      <metrics statements="78" coveredstatements="61" conditionals="43" coveredconditionals="26" methods="21" coveredmethods="12"/>
      <line num="13" count="17" type="stmt"/>
      <line num="14" count="17" type="stmt"/>
      <line num="15" count="17" type="stmt"/>
      <line num="16" count="17" type="stmt"/>
      <line num="21" count="17" type="stmt"/>
      <line num="23" count="17" type="stmt"/>
      <line num="27" count="17" type="stmt"/>
      <line num="52" count="17" type="stmt"/>
      <line num="56" count="17" type="stmt"/>
      <line num="57" count="17" type="stmt"/>
      <line num="58" count="17" type="stmt"/>
      <line num="59" count="17" type="stmt"/>
      <line num="60" count="17" type="stmt"/>
      <line num="61" count="17" type="stmt"/>
      <line num="62" count="17" type="stmt"/>
      <line num="64" count="17" type="cond" truecount="1" falsecount="1"/>
      <line num="65" count="17" type="cond" truecount="1" falsecount="1"/>
      <line num="66" count="17" type="cond" truecount="1" falsecount="1"/>
      <line num="67" count="17" type="cond" truecount="1" falsecount="1"/>
      <line num="68" count="17" type="cond" truecount="1" falsecount="1"/>
      <line num="69" count="17" type="cond" truecount="1" falsecount="1"/>
      <line num="70" count="17" type="cond" truecount="1" falsecount="1"/>
      <line num="74" count="0" type="stmt"/>
      <line num="75" count="0" type="stmt"/>
      <line num="76" count="0" type="stmt"/>
      <line num="77" count="0" type="stmt"/>
      <line num="79" count="0" type="cond" truecount="0" falsecount="2"/>
      <line num="80" count="0" type="stmt"/>
      <line num="81" count="0" type="stmt"/>
      <line num="86" count="2" type="stmt"/>
      <line num="87" count="2" type="cond" truecount="2" falsecount="0"/>
      <line num="88" count="1" type="stmt"/>
      <line num="89" count="1" type="stmt"/>
      <line num="90" count="1" type="stmt"/>
      <line num="91" count="1" type="stmt"/>
      <line num="96" count="3" type="stmt"/>
      <line num="97" count="3" type="stmt"/>
      <line num="99" count="3" type="cond" truecount="4" falsecount="0"/>
      <line num="100" count="2" type="stmt"/>
      <line num="101" count="2" type="cond" truecount="4" falsecount="0"/>
      <line num="102" count="1" type="stmt"/>
      <line num="105" count="2" type="stmt"/>
      <line num="111" count="2" type="stmt"/>
      <line num="112" count="2" type="stmt"/>
      <line num="113" count="2" type="stmt"/>
      <line num="118" count="0" type="stmt"/>
      <line num="119" count="0" type="cond" truecount="0" falsecount="2"/>
      <line num="120" count="0" type="stmt"/>
      <line num="121" count="0" type="stmt"/>
      <line num="122" count="0" type="stmt"/>
      <line num="123" count="0" type="stmt"/>
      <line num="124" count="0" type="stmt"/>
      <line num="126" count="0" type="stmt"/>
      <line num="132" count="0" type="stmt"/>
      <line num="134" count="0" type="stmt"/>
      <line num="139" count="6" type="stmt"/>
      <line num="143" count="2" type="stmt"/>
      <line num="144" count="2" type="cond" truecount="1" falsecount="1"/>
      <line num="145" count="2" type="stmt"/>
      <line num="146" count="2" type="stmt"/>
      <line num="151" count="7" type="stmt"/>
      <line num="154" count="7" type="stmt"/>
      <line num="157" count="7" type="stmt"/>
      <line num="160" count="7" type="stmt"/>
      <line num="161" count="1" type="cond" truecount="1" falsecount="1"/>
      <line num="165" count="7" type="stmt"/>
      <line num="168" count="7" type="stmt"/>
      <line num="170" count="7" type="stmt"/>
      <line num="174" count="1" type="stmt"/>
      <line num="182" count="1" type="stmt"/>
      <line num="183" count="1" type="cond" truecount="1" falsecount="1"/>
      <line num="184" count="1" type="stmt"/>
      <line num="185" count="1" type="stmt"/>
      <line num="187" count="1" type="cond" truecount="1" falsecount="1"/>
      <line num="188" count="1" type="cond" truecount="1" falsecount="1"/>
      <line num="189" count="1" type="stmt"/>
      <line num="194" count="1" type="cond" truecount="3" falsecount="1"/>
      <line num="195" count="1" type="stmt"/>
    </file>
  </project>
</coverage>
