{"/workspaces/C270-E62H-Team-4/frontend/components/ForumDisplay.js": {"path":"/workspaces/C270-E62H-Team-4/frontend/components/ForumDisplay.js","statementMap":{"0":{"start":{"line":12,"column":4},"end":{"line":12,"column":58}},"1":{"start":{"line":13,"column":4},"end":{"line":13,"column":27}},"2":{"start":{"line":14,"column":4},"end":{"line":14,"column":22}},"3":{"start":{"line":15,"column":4},"end":{"line":15,"column":33}},"4":{"start":{"line":16,"column":4},"end":{"line":16,"column":43}},"5":{"start":{"line":18,"column":4},"end":{"line":18,"column":29}},"6":{"start":{"line":22,"column":4},"end":{"line":31,"column":6}},"7":{"start":{"line":33,"column":4},"end":{"line":33,"column":31}},"8":{"start":{"line":34,"column":4},"end":{"line":34,"column":23}},"9":{"start":{"line":38,"column":22},"end":{"line":38,"column":66}},"10":{"start":{"line":39,"column":4},"end":{"line":41,"column":5}},"11":{"start":{"line":40,"column":6},"end":{"line":40,"column":78}},"12":{"start":{"line":40,"column":48},"end":{"line":40,"column":76}},"13":{"start":{"line":45,"column":4},"end":{"line":52,"column":5}},"14":{"start":{"line":47,"column":6},"end":{"line":47,"column":43}},"15":{"start":{"line":48,"column":6},"end":{"line":48,"column":31}},"16":{"start":{"line":50,"column":6},"end":{"line":50,"column":53}},"17":{"start":{"line":51,"column":6},"end":{"line":51,"column":47}},"18":{"start":{"line":56,"column":4},"end":{"line":81,"column":6}},"19":{"start":{"line":85,"column":24},"end":{"line":85,"column":63}},"20":{"start":{"line":86,"column":4},"end":{"line":86,"column":29}},"21":{"start":{"line":86,"column":22},"end":{"line":86,"column":29}},"22":{"start":{"line":88,"column":4},"end":{"line":101,"column":16}},"23":{"start":{"line":88,"column":55},"end":{"line":101,"column":5}},"24":{"start":{"line":104,"column":4},"end":{"line":110,"column":7}},"25":{"start":{"line":105,"column":6},"end":{"line":109,"column":9}},"26":{"start":{"line":106,"column":8},"end":{"line":106,"column":28}},"27":{"start":{"line":107,"column":25},"end":{"line":107,"column":45}},"28":{"start":{"line":108,"column":8},"end":{"line":108,"column":40}},"29":{"start":{"line":114,"column":19},"end":{"line":114,"column":60}},"30":{"start":{"line":114,"column":42},"end":{"line":114,"column":59}},"31":{"start":{"line":115,"column":4},"end":{"line":115,"column":24}},"32":{"start":{"line":115,"column":17},"end":{"line":115,"column":24}},"33":{"start":{"line":117,"column":25},"end":{"line":117,"column":65}},"34":{"start":{"line":118,"column":24},"end":{"line":118,"column":63}},"35":{"start":{"line":120,"column":4},"end":{"line":149,"column":6}},"36":{"start":{"line":133,"column":42},"end":{"line":141,"column":13}},"37":{"start":{"line":151,"column":4},"end":{"line":151,"column":39}},"38":{"start":{"line":152,"column":4},"end":{"line":152,"column":41}},"39":{"start":{"line":154,"column":20},"end":{"line":154,"column":55}},"40":{"start":{"line":155,"column":4},"end":{"line":160,"column":5}},"41":{"start":{"line":156,"column":6},"end":{"line":159,"column":9}},"42":{"start":{"line":157,"column":8},"end":{"line":157,"column":44}},"43":{"start":{"line":158,"column":8},"end":{"line":158,"column":44}},"44":{"start":{"line":162,"column":27},"end":{"line":162,"column":70}},"45":{"start":{"line":163,"column":4},"end":{"line":165,"column":5}},"46":{"start":{"line":164,"column":6},"end":{"line":164,"column":81}},"47":{"start":{"line":164,"column":53},"end":{"line":164,"column":79}},"48":{"start":{"line":169,"column":25},"end":{"line":169,"column":69}},"49":{"start":{"line":170,"column":4},"end":{"line":173,"column":5}},"50":{"start":{"line":171,"column":6},"end":{"line":171,"column":54}},"51":{"start":{"line":172,"column":6},"end":{"line":172,"column":13}},"52":{"start":{"line":175,"column":19},"end":{"line":175,"column":60}},"53":{"start":{"line":175,"column":42},"end":{"line":175,"column":59}},"54":{"start":{"line":176,"column":4},"end":{"line":190,"column":5}},"55":{"start":{"line":177,"column":23},"end":{"line":182,"column":7}},"56":{"start":{"line":184,"column":6},"end":{"line":184,"column":36}},"57":{"start":{"line":185,"column":6},"end":{"line":185,"column":48}},"58":{"start":{"line":187,"column":6},"end":{"line":187,"column":30}},"59":{"start":{"line":188,"column":6},"end":{"line":188,"column":38}},"60":{"start":{"line":189,"column":6},"end":{"line":189,"column":53}},"61":{"start":{"line":194,"column":18},"end":{"line":194,"column":47}},"62":{"start":{"line":195,"column":4},"end":{"line":195,"column":38}},"63":{"start":{"line":196,"column":4},"end":{"line":208,"column":6}},"64":{"start":{"line":210,"column":4},"end":{"line":210,"column":37}},"65":{"start":{"line":212,"column":17},"end":{"line":212,"column":62}},"66":{"start":{"line":213,"column":4},"end":{"line":236,"column":5}},"67":{"start":{"line":214,"column":6},"end":{"line":235,"column":9}},"68":{"start":{"line":215,"column":8},"end":{"line":215,"column":27}},"69":{"start":{"line":216,"column":22},"end":{"line":216,"column":67}},"70":{"start":{"line":217,"column":24},"end":{"line":217,"column":64}},"71":{"start":{"line":219,"column":8},"end":{"line":234,"column":9}},"72":{"start":{"line":220,"column":28},"end":{"line":228,"column":11}},"73":{"start":{"line":230,"column":10},"end":{"line":230,"column":42}},"74":{"start":{"line":231,"column":10},"end":{"line":231,"column":35}},"75":{"start":{"line":232,"column":10},"end":{"line":232,"column":25}},"76":{"start":{"line":233,"column":10},"end":{"line":233,"column":59}},"77":{"start":{"line":240,"column":16},"end":{"line":240,"column":45}},"78":{"start":{"line":241,"column":4},"end":{"line":241,"column":27}},"79":{"start":{"line":242,"column":4},"end":{"line":242,"column":25}},"80":{"start":{"line":246,"column":4},"end":{"line":252,"column":7}},"81":{"start":{"line":256,"column":4},"end":{"line":256,"column":44}},"82":{"start":{"line":260,"column":4},"end":{"line":260,"column":46}},"83":{"start":{"line":264,"column":25},"end":{"line":264,"column":54}},"84":{"start":{"line":265,"column":4},"end":{"line":265,"column":65}},"85":{"start":{"line":266,"column":4},"end":{"line":266,"column":39}},"86":{"start":{"line":267,"column":4},"end":{"line":276,"column":6}},"87":{"start":{"line":278,"column":4},"end":{"line":278,"column":44}},"88":{"start":{"line":280,"column":4},"end":{"line":282,"column":13}},"89":{"start":{"line":281,"column":6},"end":{"line":281,"column":28}},"90":{"start":{"line":287,"column":0},"end":{"line":289,"column":1}},"91":{"start":{"line":288,"column":2},"end":{"line":288,"column":32}}},"fnMap":{"0":{"name":"(anonymous_0)","decl":{"start":{"line":11,"column":2},"end":{"line":11,"column":3}},"loc":{"start":{"line":11,"column":41},"end":{"line":19,"column":3}},"line":11},"1":{"name":"(anonymous_1)","decl":{"start":{"line":21,"column":2},"end":{"line":21,"column":3}},"loc":{"start":{"line":21,"column":22},"end":{"line":35,"column":3}},"line":21},"2":{"name":"(anonymous_2)","decl":{"start":{"line":37,"column":2},"end":{"line":37,"column":3}},"loc":{"start":{"line":37,"column":24},"end":{"line":42,"column":3}},"line":37},"3":{"name":"(anonymous_3)","decl":{"start":{"line":40,"column":42},"end":{"line":40,"column":43}},"loc":{"start":{"line":40,"column":48},"end":{"line":40,"column":76}},"line":40},"4":{"name":"(anonymous_4)","decl":{"start":{"line":44,"column":2},"end":{"line":44,"column":3}},"loc":{"start":{"line":44,"column":22},"end":{"line":53,"column":3}},"line":44},"5":{"name":"(anonymous_5)","decl":{"start":{"line":55,"column":2},"end":{"line":55,"column":3}},"loc":{"start":{"line":55,"column":19},"end":{"line":82,"column":3}},"line":55},"6":{"name":"(anonymous_6)","decl":{"start":{"line":84,"column":2},"end":{"line":84,"column":3}},"loc":{"start":{"line":84,"column":22},"end":{"line":111,"column":3}},"line":84},"7":{"name":"(anonymous_7)","decl":{"start":{"line":88,"column":45},"end":{"line":88,"column":46}},"loc":{"start":{"line":88,"column":55},"end":{"line":101,"column":5}},"line":88},"8":{"name":"(anonymous_8)","decl":{"start":{"line":104,"column":61},"end":{"line":104,"column":62}},"loc":{"start":{"line":104,"column":68},"end":{"line":110,"column":5}},"line":104},"9":{"name":"(anonymous_9)","decl":{"start":{"line":105,"column":36},"end":{"line":105,"column":37}},"loc":{"start":{"line":105,"column":43},"end":{"line":109,"column":7}},"line":105},"10":{"name":"(anonymous_10)","decl":{"start":{"line":113,"column":2},"end":{"line":113,"column":3}},"loc":{"start":{"line":113,"column":29},"end":{"line":166,"column":3}},"line":113},"11":{"name":"(anonymous_11)","decl":{"start":{"line":114,"column":37},"end":{"line":114,"column":38}},"loc":{"start":{"line":114,"column":42},"end":{"line":114,"column":59}},"line":114},"12":{"name":"(anonymous_12)","decl":{"start":{"line":133,"column":33},"end":{"line":133,"column":34}},"loc":{"start":{"line":133,"column":42},"end":{"line":141,"column":13}},"line":133},"13":{"name":"(anonymous_13)","decl":{"start":{"line":156,"column":40},"end":{"line":156,"column":41}},"loc":{"start":{"line":156,"column":46},"end":{"line":159,"column":7}},"line":156},"14":{"name":"(anonymous_14)","decl":{"start":{"line":164,"column":47},"end":{"line":164,"column":48}},"loc":{"start":{"line":164,"column":53},"end":{"line":164,"column":79}},"line":164},"15":{"name":"(anonymous_15)","decl":{"start":{"line":168,"column":2},"end":{"line":168,"column":3}},"loc":{"start":{"line":168,"column":24},"end":{"line":191,"column":3}},"line":168},"16":{"name":"(anonymous_16)","decl":{"start":{"line":175,"column":37},"end":{"line":175,"column":38}},"loc":{"start":{"line":175,"column":42},"end":{"line":175,"column":59}},"line":175},"17":{"name":"(anonymous_17)","decl":{"start":{"line":193,"column":2},"end":{"line":193,"column":3}},"loc":{"start":{"line":193,"column":26},"end":{"line":237,"column":3}},"line":193},"18":{"name":"(anonymous_18)","decl":{"start":{"line":214,"column":38},"end":{"line":214,"column":39}},"loc":{"start":{"line":214,"column":45},"end":{"line":235,"column":7}},"line":214},"19":{"name":"(anonymous_19)","decl":{"start":{"line":239,"column":2},"end":{"line":239,"column":3}},"loc":{"start":{"line":239,"column":19},"end":{"line":243,"column":3}},"line":239},"20":{"name":"(anonymous_20)","decl":{"start":{"line":245,"column":2},"end":{"line":245,"column":3}},"loc":{"start":{"line":245,"column":19},"end":{"line":253,"column":3}},"line":245},"21":{"name":"(anonymous_21)","decl":{"start":{"line":255,"column":2},"end":{"line":255,"column":3}},"loc":{"start":{"line":255,"column":21},"end":{"line":257,"column":3}},"line":255},"22":{"name":"(anonymous_22)","decl":{"start":{"line":259,"column":2},"end":{"line":259,"column":3}},"loc":{"start":{"line":259,"column":23},"end":{"line":261,"column":3}},"line":259},"23":{"name":"(anonymous_23)","decl":{"start":{"line":263,"column":2},"end":{"line":263,"column":3}},"loc":{"start":{"line":263,"column":34},"end":{"line":283,"column":3}},"line":263},"24":{"name":"(anonymous_24)","decl":{"start":{"line":280,"column":15},"end":{"line":280,"column":16}},"loc":{"start":{"line":280,"column":21},"end":{"line":282,"column":5}},"line":280}},"branchMap":{"0":{"loc":{"start":{"line":11,"column":27},"end":{"line":11,"column":39}},"type":"default-arg","locations":[{"start":{"line":11,"column":37},"end":{"line":11,"column":39}}],"line":11},"1":{"loc":{"start":{"line":16,"column":18},"end":{"line":16,"column":42}},"type":"binary-expr","locations":[{"start":{"line":16,"column":18},"end":{"line":16,"column":32}},{"start":{"line":16,"column":36},"end":{"line":16,"column":42}}],"line":16},"2":{"loc":{"start":{"line":39,"column":4},"end":{"line":41,"column":5}},"type":"if","locations":[{"start":{"line":39,"column":4},"end":{"line":41,"column":5}},{"start":{},"end":{}}],"line":39},"3":{"loc":{"start":{"line":86,"column":4},"end":{"line":86,"column":29}},"type":"if","locations":[{"start":{"line":86,"column":4},"end":{"line":86,"column":29}},{"start":{},"end":{}}],"line":86},"4":{"loc":{"start":{"line":115,"column":4},"end":{"line":115,"column":24}},"type":"if","locations":[{"start":{"line":115,"column":4},"end":{"line":115,"column":24}},{"start":{},"end":{}}],"line":115},"5":{"loc":{"start":{"line":155,"column":4},"end":{"line":160,"column":5}},"type":"if","locations":[{"start":{"line":155,"column":4},"end":{"line":160,"column":5}},{"start":{},"end":{}}],"line":155},"6":{"loc":{"start":{"line":163,"column":4},"end":{"line":165,"column":5}},"type":"if","locations":[{"start":{"line":163,"column":4},"end":{"line":165,"column":5}},{"start":{},"end":{}}],"line":163},"7":{"loc":{"start":{"line":170,"column":4},"end":{"line":173,"column":5}},"type":"if","locations":[{"start":{"line":170,"column":4},"end":{"line":173,"column":5}},{"start":{},"end":{}}],"line":170},"8":{"loc":{"start":{"line":170,"column":8},"end":{"line":170,"column":51}},"type":"binary-expr","locations":[{"start":{"line":170,"column":8},"end":{"line":170,"column":21}},{"start":{"line":170,"column":25},"end":{"line":170,"column":51}}],"line":170},"9":{"loc":{"start":{"line":176,"column":4},"end":{"line":190,"column":5}},"type":"if","locations":[{"start":{"line":176,"column":4},"end":{"line":190,"column":5}},{"start":{},"end":{}}],"line":176},"10":{"loc":{"start":{"line":213,"column":4},"end":{"line":236,"column":5}},"type":"if","locations":[{"start":{"line":213,"column":4},"end":{"line":236,"column":5}},{"start":{},"end":{}}],"line":213},"11":{"loc":{"start":{"line":219,"column":8},"end":{"line":234,"column":9}},"type":"if","locations":[{"start":{"line":219,"column":8},"end":{"line":234,"column":9}},{"start":{},"end":{}}],"line":219},"12":{"loc":{"start":{"line":219,"column":12},"end":{"line":219,"column":28}},"type":"binary-expr","locations":[{"start":{"line":219,"column":12},"end":{"line":219,"column":17}},{"start":{"line":219,"column":21},"end":{"line":219,"column":28}}],"line":219},"13":{"loc":{"start":{"line":272,"column":20},"end":{"line":272,"column":60}},"type":"cond-expr","locations":[{"start":{"line":272,"column":39},"end":{"line":272,"column":48}},{"start":{"line":272,"column":51},"end":{"line":272,"column":60}}],"line":272},"14":{"loc":{"start":{"line":287,"column":0},"end":{"line":289,"column":1}},"type":"if","locations":[{"start":{"line":287,"column":0},"end":{"line":289,"column":1}},{"start":{},"end":{}}],"line":287},"15":{"loc":{"start":{"line":287,"column":4},"end":{"line":287,"column":51}},"type":"binary-expr","locations":[{"start":{"line":287,"column":4},"end":{"line":287,"column":33}},{"start":{"line":287,"column":37},"end":{"line":287,"column":51}}],"line":287}},"s":{"0":24,"1":24,"2":24,"3":24,"4":24,"5":24,"6":24,"7":24,"8":24,"9":24,"10":24,"11":24,"12":0,"13":24,"14":24,"15":24,"16":0,"17":0,"18":24,"19":29,"20":29,"21":0,"22":29,"23":58,"24":29,"25":58,"26":1,"27":1,"28":1,"29":9,"30":9,"31":9,"32":0,"33":9,"34":9,"35":9,"36":28,"37":9,"38":9,"39":9,"40":9,"41":9,"42":1,"43":1,"44":9,"45":9,"46":9,"47":2,"48":2,"49":2,"50":1,"51":1,"52":1,"53":1,"54":1,"55":1,"56":1,"57":1,"58":1,"59":1,"60":1,"61":0,"62":0,"63":0,"64":0,"65":0,"66":0,"67":0,"68":0,"69":0,"70":0,"71":0,"72":0,"73":0,"74":0,"75":0,"76":0,"77":260,"78":260,"79":260,"80":96,"81":1,"82":3,"83":4,"84":4,"85":4,"86":4,"87":4,"88":4,"89":4,"90":1,"91":1},"f":{"0":24,"1":24,"2":24,"3":0,"4":24,"5":24,"6":29,"7":58,"8":58,"9":1,"10":9,"11":9,"12":28,"13":1,"14":2,"15":2,"16":1,"17":0,"18":0,"19":260,"20":96,"21":1,"22":3,"23":4,"24":4},"b":{"0":[24],"1":[24,24],"2":[24,0],"3":[0,29],"4":[0,9],"5":[9,0],"6":[9,0],"7":[1,1],"8":[2,2],"9":[1,0],"10":[0,0],"11":[0,0],"12":[0,0],"13":[1,3],"14":[1,0],"15":[1,1]},"_coverageSchema":"1a1c01bbd47fc00a2c39e90264f33305004495a9","hash":"8221398a49c3fda7399cb8499c4ac1e374f87362"}
,"/workspaces/C270-E62H-Team-4/frontend/components/RichTextEditor.js": {"path":"/workspaces/C270-E62H-Team-4/frontend/components/RichTextEditor.js","statementMap":{"0":{"start":{"line":13,"column":4},"end":{"line":13,"column":58}},"1":{"start":{"line":14,"column":4},"end":{"line":14,"column":27}},"2":{"start":{"line":15,"column":4},"end":{"line":15,"column":22}},"3":{"start":{"line":16,"column":4},"end":{"line":20,"column":6}},"4":{"start":{"line":21,"column":4},"end":{"line":21,"column":21}},"5":{"start":{"line":23,"column":4},"end":{"line":23,"column":28}},"6":{"start":{"line":27,"column":4},"end":{"line":50,"column":6}},"7":{"start":{"line":52,"column":4},"end":{"line":52,"column":31}},"8":{"start":{"line":56,"column":20},"end":{"line":56,"column":55}},"9":{"start":{"line":57,"column":22},"end":{"line":57,"column":59}},"10":{"start":{"line":58,"column":20},"end":{"line":58,"column":55}},"11":{"start":{"line":59,"column":21},"end":{"line":59,"column":57}},"12":{"start":{"line":60,"column":20},"end":{"line":60,"column":55}},"13":{"start":{"line":61,"column":21},"end":{"line":61,"column":63}},"14":{"start":{"line":62,"column":23},"end":{"line":62,"column":61}},"15":{"start":{"line":64,"column":4},"end":{"line":64,"column":84}},"16":{"start":{"line":64,"column":17},"end":{"line":64,"column":84}},"17":{"start":{"line":64,"column":57},"end":{"line":64,"column":82}},"18":{"start":{"line":65,"column":4},"end":{"line":65,"column":90}},"19":{"start":{"line":65,"column":19},"end":{"line":65,"column":90}},"20":{"start":{"line":65,"column":61},"end":{"line":65,"column":88}},"21":{"start":{"line":66,"column":4},"end":{"line":66,"column":81}},"22":{"start":{"line":66,"column":17},"end":{"line":66,"column":81}},"23":{"start":{"line":66,"column":57},"end":{"line":66,"column":79}},"24":{"start":{"line":67,"column":4},"end":{"line":67,"column":79}},"25":{"start":{"line":67,"column":18},"end":{"line":67,"column":79}},"26":{"start":{"line":67,"column":59},"end":{"line":67,"column":77}},"27":{"start":{"line":68,"column":4},"end":{"line":68,"column":76}},"28":{"start":{"line":68,"column":17},"end":{"line":68,"column":76}},"29":{"start":{"line":68,"column":57},"end":{"line":68,"column":74}},"30":{"start":{"line":69,"column":4},"end":{"line":69,"column":96}},"31":{"start":{"line":69,"column":18},"end":{"line":69,"column":96}},"32":{"start":{"line":69,"column":60},"end":{"line":69,"column":94}},"33":{"start":{"line":70,"column":4},"end":{"line":70,"column":92}},"34":{"start":{"line":70,"column":20},"end":{"line":70,"column":92}},"35":{"start":{"line":70,"column":65},"end":{"line":70,"column":90}},"36":{"start":{"line":74,"column":21},"end":{"line":74,"column":63}},"37":{"start":{"line":75,"column":18},"end":{"line":75,"column":41}},"38":{"start":{"line":76,"column":16},"end":{"line":76,"column":37}},"39":{"start":{"line":77,"column":25},"end":{"line":77,"column":61}},"40":{"start":{"line":79,"column":4},"end":{"line":82,"column":5}},"41":{"start":{"line":80,"column":6},"end":{"line":80,"column":51}},"42":{"start":{"line":81,"column":6},"end":{"line":81,"column":27}},"43":{"start":{"line":86,"column":21},"end":{"line":86,"column":93}},"44":{"start":{"line":87,"column":4},"end":{"line":92,"column":5}},"45":{"start":{"line":88,"column":23},"end":{"line":88,"column":65}},"46":{"start":{"line":89,"column":24},"end":{"line":89,"column":51}},"47":{"start":{"line":90,"column":6},"end":{"line":90,"column":48}},"48":{"start":{"line":91,"column":6},"end":{"line":91,"column":41}},"49":{"start":{"line":96,"column":16},"end":{"line":96,"column":59}},"50":{"start":{"line":97,"column":18},"end":{"line":97,"column":40}},"51":{"start":{"line":99,"column":4},"end":{"line":114,"column":5}},"52":{"start":{"line":100,"column":17},"end":{"line":100,"column":22}},"53":{"start":{"line":101,"column":6},"end":{"line":103,"column":7}},"54":{"start":{"line":102,"column":8},"end":{"line":102,"column":25}},"55":{"start":{"line":105,"column":6},"end":{"line":109,"column":9}},"56":{"start":{"line":111,"column":23},"end":{"line":111,"column":65}},"57":{"start":{"line":112,"column":6},"end":{"line":112,"column":49}},"58":{"start":{"line":113,"column":6},"end":{"line":113,"column":41}},"59":{"start":{"line":118,"column":17},"end":{"line":118,"column":38}},"60":{"start":{"line":119,"column":4},"end":{"line":135,"column":5}},"61":{"start":{"line":120,"column":21},"end":{"line":120,"column":37}},"62":{"start":{"line":121,"column":6},"end":{"line":133,"column":8}},"63":{"start":{"line":122,"column":25},"end":{"line":122,"column":40}},"64":{"start":{"line":123,"column":25},"end":{"line":123,"column":67}},"65":{"start":{"line":124,"column":8},"end":{"line":124,"column":54}},"66":{"start":{"line":126,"column":8},"end":{"line":130,"column":11}},"67":{"start":{"line":132,"column":8},"end":{"line":132,"column":43}},"68":{"start":{"line":134,"column":6},"end":{"line":134,"column":33}},"69":{"start":{"line":139,"column":4},"end":{"line":139,"column":24}},"70":{"start":{"line":143,"column":20},"end":{"line":143,"column":64}},"71":{"start":{"line":144,"column":4},"end":{"line":147,"column":5}},"72":{"start":{"line":145,"column":6},"end":{"line":145,"column":58}},"73":{"start":{"line":146,"column":6},"end":{"line":146,"column":38}},"74":{"start":{"line":151,"column":15},"end":{"line":151,"column":19}},"75":{"start":{"line":154,"column":4},"end":{"line":154,"column":65}},"76":{"start":{"line":157,"column":4},"end":{"line":157,"column":53}},"77":{"start":{"line":160,"column":4},"end":{"line":162,"column":7}},"78":{"start":{"line":161,"column":6},"end":{"line":161,"column":82}},"79":{"start":{"line":165,"column":4},"end":{"line":165,"column":100}},"80":{"start":{"line":168,"column":4},"end":{"line":168,"column":91}},"81":{"start":{"line":170,"column":4},"end":{"line":170,"column":16}},"82":{"start":{"line":174,"column":4},"end":{"line":178,"column":6}},"83":{"start":{"line":182,"column":21},"end":{"line":182,"column":63}},"84":{"start":{"line":183,"column":4},"end":{"line":186,"column":5}},"85":{"start":{"line":184,"column":6},"end":{"line":184,"column":31}},"86":{"start":{"line":185,"column":6},"end":{"line":185,"column":29}},"87":{"start":{"line":187,"column":4},"end":{"line":187,"column":52}},"88":{"start":{"line":188,"column":4},"end":{"line":188,"column":31}},"89":{"start":{"line":189,"column":4},"end":{"line":189,"column":25}},"90":{"start":{"line":194,"column":0},"end":{"line":196,"column":1}},"91":{"start":{"line":195,"column":2},"end":{"line":195,"column":34}}},"fnMap":{"0":{"name":"(anonymous_0)","decl":{"start":{"line":12,"column":2},"end":{"line":12,"column":3}},"loc":{"start":{"line":12,"column":41},"end":{"line":24,"column":3}},"line":12},"1":{"name":"(anonymous_1)","decl":{"start":{"line":26,"column":2},"end":{"line":26,"column":3}},"loc":{"start":{"line":26,"column":21},"end":{"line":53,"column":3}},"line":26},"2":{"name":"(anonymous_2)","decl":{"start":{"line":55,"column":2},"end":{"line":55,"column":3}},"loc":{"start":{"line":55,"column":24},"end":{"line":71,"column":3}},"line":55},"3":{"name":"(anonymous_3)","decl":{"start":{"line":64,"column":51},"end":{"line":64,"column":52}},"loc":{"start":{"line":64,"column":57},"end":{"line":64,"column":82}},"line":64},"4":{"name":"(anonymous_4)","decl":{"start":{"line":65,"column":55},"end":{"line":65,"column":56}},"loc":{"start":{"line":65,"column":61},"end":{"line":65,"column":88}},"line":65},"5":{"name":"(anonymous_5)","decl":{"start":{"line":66,"column":51},"end":{"line":66,"column":52}},"loc":{"start":{"line":66,"column":57},"end":{"line":66,"column":79}},"line":66},"6":{"name":"(anonymous_6)","decl":{"start":{"line":67,"column":53},"end":{"line":67,"column":54}},"loc":{"start":{"line":67,"column":59},"end":{"line":67,"column":77}},"line":67},"7":{"name":"(anonymous_7)","decl":{"start":{"line":68,"column":51},"end":{"line":68,"column":52}},"loc":{"start":{"line":68,"column":57},"end":{"line":68,"column":74}},"line":68},"8":{"name":"(anonymous_8)","decl":{"start":{"line":69,"column":53},"end":{"line":69,"column":54}},"loc":{"start":{"line":69,"column":60},"end":{"line":69,"column":94}},"line":69},"9":{"name":"(anonymous_9)","decl":{"start":{"line":70,"column":58},"end":{"line":70,"column":59}},"loc":{"start":{"line":70,"column":65},"end":{"line":70,"column":90}},"line":70},"10":{"name":"(anonymous_10)","decl":{"start":{"line":73,"column":2},"end":{"line":73,"column":3}},"loc":{"start":{"line":73,"column":23},"end":{"line":83,"column":3}},"line":73},"11":{"name":"(anonymous_11)","decl":{"start":{"line":85,"column":2},"end":{"line":85,"column":3}},"loc":{"start":{"line":85,"column":20},"end":{"line":93,"column":3}},"line":85},"12":{"name":"(anonymous_12)","decl":{"start":{"line":95,"column":2},"end":{"line":95,"column":3}},"loc":{"start":{"line":95,"column":15},"end":{"line":115,"column":3}},"line":95},"13":{"name":"(anonymous_13)","decl":{"start":{"line":117,"column":2},"end":{"line":117,"column":3}},"loc":{"start":{"line":117,"column":27},"end":{"line":136,"column":3}},"line":117},"14":{"name":"(anonymous_14)","decl":{"start":{"line":121,"column":22},"end":{"line":121,"column":23}},"loc":{"start":{"line":121,"column":29},"end":{"line":133,"column":7}},"line":121},"15":{"name":"(anonymous_15)","decl":{"start":{"line":138,"column":2},"end":{"line":138,"column":3}},"loc":{"start":{"line":138,"column":22},"end":{"line":140,"column":3}},"line":138},"16":{"name":"(anonymous_16)","decl":{"start":{"line":142,"column":2},"end":{"line":142,"column":3}},"loc":{"start":{"line":142,"column":18},"end":{"line":148,"column":3}},"line":142},"17":{"name":"(anonymous_17)","decl":{"start":{"line":150,"column":2},"end":{"line":150,"column":3}},"loc":{"start":{"line":150,"column":21},"end":{"line":171,"column":3}},"line":150},"18":{"name":"(anonymous_18)","decl":{"start":{"line":160,"column":53},"end":{"line":160,"column":54}},"loc":{"start":{"line":160,"column":76},"end":{"line":162,"column":5}},"line":160},"19":{"name":"(anonymous_19)","decl":{"start":{"line":173,"column":2},"end":{"line":173,"column":3}},"loc":{"start":{"line":173,"column":15},"end":{"line":179,"column":3}},"line":173},"20":{"name":"(anonymous_20)","decl":{"start":{"line":181,"column":2},"end":{"line":181,"column":3}},"loc":{"start":{"line":181,"column":42},"end":{"line":190,"column":3}},"line":181}},"branchMap":{"0":{"loc":{"start":{"line":12,"column":27},"end":{"line":12,"column":39}},"type":"default-arg","locations":[{"start":{"line":12,"column":37},"end":{"line":12,"column":39}}],"line":12},"1":{"loc":{"start":{"line":64,"column":4},"end":{"line":64,"column":84}},"type":"if","locations":[{"start":{"line":64,"column":4},"end":{"line":64,"column":84}},{"start":{},"end":{}}],"line":64},"2":{"loc":{"start":{"line":65,"column":4},"end":{"line":65,"column":90}},"type":"if","locations":[{"start":{"line":65,"column":4},"end":{"line":65,"column":90}},{"start":{},"end":{}}],"line":65},"3":{"loc":{"start":{"line":66,"column":4},"end":{"line":66,"column":81}},"type":"if","locations":[{"start":{"line":66,"column":4},"end":{"line":66,"column":81}},{"start":{},"end":{}}],"line":66},"4":{"loc":{"start":{"line":67,"column":4},"end":{"line":67,"column":79}},"type":"if","locations":[{"start":{"line":67,"column":4},"end":{"line":67,"column":79}},{"start":{},"end":{}}],"line":67},"5":{"loc":{"start":{"line":68,"column":4},"end":{"line":68,"column":76}},"type":"if","locations":[{"start":{"line":68,"column":4},"end":{"line":68,"column":76}},{"start":{},"end":{}}],"line":68},"6":{"loc":{"start":{"line":69,"column":4},"end":{"line":69,"column":96}},"type":"if","locations":[{"start":{"line":69,"column":4},"end":{"line":69,"column":96}},{"start":{},"end":{}}],"line":69},"7":{"loc":{"start":{"line":70,"column":4},"end":{"line":70,"column":92}},"type":"if","locations":[{"start":{"line":70,"column":4},"end":{"line":70,"column":92}},{"start":{},"end":{}}],"line":70},"8":{"loc":{"start":{"line":79,"column":4},"end":{"line":82,"column":5}},"type":"if","locations":[{"start":{"line":79,"column":4},"end":{"line":82,"column":5}},{"start":{},"end":{}}],"line":79},"9":{"loc":{"start":{"line":87,"column":4},"end":{"line":92,"column":5}},"type":"if","locations":[{"start":{"line":87,"column":4},"end":{"line":92,"column":5}},{"start":{},"end":{}}],"line":87},"10":{"loc":{"start":{"line":99,"column":4},"end":{"line":114,"column":5}},"type":"if","locations":[{"start":{"line":99,"column":4},"end":{"line":114,"column":5}},{"start":{},"end":{}}],"line":99},"11":{"loc":{"start":{"line":99,"column":8},"end":{"line":99,"column":20}},"type":"binary-expr","locations":[{"start":{"line":99,"column":8},"end":{"line":99,"column":11}},{"start":{"line":99,"column":15},"end":{"line":99,"column":20}}],"line":99},"12":{"loc":{"start":{"line":101,"column":6},"end":{"line":103,"column":7}},"type":"if","locations":[{"start":{"line":101,"column":6},"end":{"line":103,"column":7}},{"start":{},"end":{}}],"line":101},"13":{"loc":{"start":{"line":101,"column":10},"end":{"line":101,"column":65}},"type":"binary-expr","locations":[{"start":{"line":101,"column":10},"end":{"line":101,"column":37}},{"start":{"line":101,"column":41},"end":{"line":101,"column":65}}],"line":101},"14":{"loc":{"start":{"line":119,"column":4},"end":{"line":135,"column":5}},"type":"if","locations":[{"start":{"line":119,"column":4},"end":{"line":135,"column":5}},{"start":{},"end":{}}],"line":119},"15":{"loc":{"start":{"line":144,"column":4},"end":{"line":147,"column":5}},"type":"if","locations":[{"start":{"line":144,"column":4},"end":{"line":147,"column":5}},{"start":{},"end":{}}],"line":144},"16":{"loc":{"start":{"line":161,"column":43},"end":{"line":161,"column":57}},"type":"binary-expr","locations":[{"start":{"line":161,"column":43},"end":{"line":161,"column":47}},{"start":{"line":161,"column":51},"end":{"line":161,"column":57}}],"line":161},"17":{"loc":{"start":{"line":183,"column":4},"end":{"line":186,"column":5}},"type":"if","locations":[{"start":{"line":183,"column":4},"end":{"line":186,"column":5}},{"start":{},"end":{}}],"line":183},"18":{"loc":{"start":{"line":187,"column":22},"end":{"line":187,"column":51}},"type":"binary-expr","locations":[{"start":{"line":187,"column":22},"end":{"line":187,"column":32}},{"start":{"line":187,"column":36},"end":{"line":187,"column":51}}],"line":187},"19":{"loc":{"start":{"line":188,"column":18},"end":{"line":188,"column":30}},"type":"binary-expr","locations":[{"start":{"line":188,"column":18},"end":{"line":188,"column":24}},{"start":{"line":188,"column":28},"end":{"line":188,"column":30}}],"line":188},"20":{"loc":{"start":{"line":194,"column":0},"end":{"line":196,"column":1}},"type":"if","locations":[{"start":{"line":194,"column":0},"end":{"line":196,"column":1}},{"start":{},"end":{}}],"line":194},"21":{"loc":{"start":{"line":194,"column":4},"end":{"line":194,"column":51}},"type":"binary-expr","locations":[{"start":{"line":194,"column":4},"end":{"line":194,"column":33}},{"start":{"line":194,"column":37},"end":{"line":194,"column":51}}],"line":194}},"s":{"0":17,"1":17,"2":17,"3":17,"4":17,"5":17,"6":17,"7":17,"8":17,"9":17,"10":17,"11":17,"12":17,"13":17,"14":17,"15":17,"16":17,"17":0,"18":17,"19":17,"20":0,"21":17,"22":17,"23":0,"24":17,"25":17,"26":0,"27":17,"28":17,"29":0,"30":17,"31":17,"32":3,"33":17,"34":17,"35":0,"36":0,"37":0,"38":0,"39":0,"40":0,"41":0,"42":0,"43":2,"44":2,"45":1,"46":1,"47":1,"48":1,"49":3,"50":3,"51":3,"52":2,"53":2,"54":1,"55":2,"56":2,"57":2,"58":2,"59":0,"60":0,"61":0,"62":0,"63":0,"64":0,"65":0,"66":0,"67":0,"68":0,"69":6,"70":2,"71":2,"72":2,"73":2,"74":7,"75":7,"76":7,"77":7,"78":1,"79":7,"80":7,"81":7,"82":1,"83":1,"84":1,"85":1,"86":1,"87":1,"88":1,"89":1,"90":1,"91":1},"f":{"0":17,"1":17,"2":17,"3":0,"4":0,"5":0,"6":0,"7":0,"8":3,"9":0,"10":0,"11":2,"12":3,"13":0,"14":0,"15":6,"16":2,"17":7,"18":1,"19":1,"20":1},"b":{"0":[17],"1":[17,0],"2":[17,0],"3":[17,0],"4":[17,0],"5":[17,0],"6":[17,0],"7":[17,0],"8":[0,0],"9":[1,1],"10":[2,1],"11":[3,2],"12":[1,1],"13":[2,1],"14":[0,0],"15":[2,0],"16":[1,0],"17":[1,0],"18":[1,0],"19":[1,0],"20":[1,0],"21":[1,1]},"_coverageSchema":"1a1c01bbd47fc00a2c39e90264f33305004495a9","hash":"b4310dd27bd20fb264aa15a39624a2714d1aadba"}
}
