TN:
SF:components/ForumDisplay.js
FN:11,(anonymous_0)
FN:21,(anonymous_1)
FN:37,(anonymous_2)
FN:40,(anonymous_3)
FN:44,(anonymous_4)
FN:55,(anonymous_5)
FN:84,(anonymous_6)
FN:88,(anonymous_7)
FN:104,(anonymous_8)
FN:105,(anonymous_9)
FN:113,(anonymous_10)
FN:114,(anonymous_11)
FN:133,(anonymous_12)
FN:156,(anonymous_13)
FN:164,(anonymous_14)
FN:168,(anonymous_15)
FN:175,(anonymous_16)
FN:193,(anonymous_17)
FN:214,(anonymous_18)
FN:239,(anonymous_19)
FN:245,(anonymous_20)
FN:255,(anonymous_21)
FN:259,(anonymous_22)
FN:263,(anonymous_23)
FN:280,(anonymous_24)
FNF:25
FNH:22
FNDA:24,(anonymous_0)
FNDA:24,(anonymous_1)
FNDA:24,(anonymous_2)
FNDA:0,(anonymous_3)
FNDA:24,(anonymous_4)
FNDA:24,(anonymous_5)
FNDA:29,(anonymous_6)
FNDA:58,(anonymous_7)
FNDA:58,(anonymous_8)
FNDA:1,(anonymous_9)
FNDA:9,(anonymous_10)
FNDA:9,(anonymous_11)
FNDA:28,(anonymous_12)
FNDA:1,(anonymous_13)
FNDA:2,(anonymous_14)
FNDA:2,(anonymous_15)
FNDA:1,(anonymous_16)
FNDA:0,(anonymous_17)
FNDA:0,(anonymous_18)
FNDA:260,(anonymous_19)
FNDA:96,(anonymous_20)
FNDA:1,(anonymous_21)
FNDA:3,(anonymous_22)
FNDA:4,(anonymous_23)
FNDA:4,(anonymous_24)
DA:12,24
DA:13,24
DA:14,24
DA:15,24
DA:16,24
DA:18,24
DA:22,24
DA:33,24
DA:34,24
DA:38,24
DA:39,24
DA:40,24
DA:45,24
DA:47,24
DA:48,24
DA:50,0
DA:51,0
DA:56,24
DA:85,29
DA:86,29
DA:88,58
DA:104,29
DA:105,58
DA:106,1
DA:107,1
DA:108,1
DA:114,9
DA:115,9
DA:117,9
DA:118,9
DA:120,9
DA:133,28
DA:151,9
DA:152,9
DA:154,9
DA:155,9
DA:156,9
DA:157,1
DA:158,1
DA:162,9
DA:163,9
DA:164,9
DA:169,2
DA:170,2
DA:171,1
DA:172,1
DA:175,1
DA:176,1
DA:177,1
DA:184,1
DA:185,1
DA:187,1
DA:188,1
DA:189,1
DA:194,0
DA:195,0
DA:196,0
DA:210,0
DA:212,0
DA:213,0
DA:214,0
DA:215,0
DA:216,0
DA:217,0
DA:219,0
DA:220,0
DA:230,0
DA:231,0
DA:232,0
DA:233,0
DA:240,260
DA:241,260
DA:242,260
DA:246,96
DA:256,1
DA:260,3
DA:264,4
DA:265,4
DA:266,4
DA:267,4
DA:278,4
DA:280,4
DA:281,4
DA:287,1
DA:288,1
LF:85
LH:67
BRDA:11,0,0,24
BRDA:16,1,0,24
BRDA:16,1,1,24
BRDA:39,2,0,24
BRDA:39,2,1,0
BRDA:86,3,0,0
BRDA:86,3,1,29
BRDA:115,4,0,0
BRDA:115,4,1,9
BRDA:155,5,0,9
BRDA:155,5,1,0
BRDA:163,6,0,9
BRDA:163,6,1,0
BRDA:170,7,0,1
BRDA:170,7,1,1
BRDA:170,8,0,2
BRDA:170,8,1,2
BRDA:176,9,0,1
BRDA:176,9,1,0
BRDA:213,10,0,0
BRDA:213,10,1,0
BRDA:219,11,0,0
BRDA:219,11,1,0
BRDA:219,12,0,0
BRDA:219,12,1,0
BRDA:272,13,0,1
BRDA:272,13,1,3
BRDA:287,14,0,1
BRDA:287,14,1,0
BRDA:287,15,0,1
BRDA:287,15,1,1
BRF:31
BRH:18
end_of_record
TN:
SF:components/RichTextEditor.js
FN:12,(anonymous_0)
FN:26,(anonymous_1)
FN:55,(anonymous_2)
FN:64,(anonymous_3)
FN:65,(anonymous_4)
FN:66,(anonymous_5)
FN:67,(anonymous_6)
FN:68,(anonymous_7)
FN:69,(anonymous_8)
FN:70,(anonymous_9)
FN:73,(anonymous_10)
FN:85,(anonymous_11)
FN:95,(anonymous_12)
FN:117,(anonymous_13)
FN:121,(anonymous_14)
FN:138,(anonymous_15)
FN:142,(anonymous_16)
FN:150,(anonymous_17)
FN:160,(anonymous_18)
FN:173,(anonymous_19)
FN:181,(anonymous_20)
FNF:21
FNH:12
FNDA:17,(anonymous_0)
FNDA:17,(anonymous_1)
FNDA:17,(anonymous_2)
FNDA:0,(anonymous_3)
FNDA:0,(anonymous_4)
FNDA:0,(anonymous_5)
FNDA:0,(anonymous_6)
FNDA:0,(anonymous_7)
FNDA:3,(anonymous_8)
FNDA:0,(anonymous_9)
FNDA:0,(anonymous_10)
FNDA:2,(anonymous_11)
FNDA:3,(anonymous_12)
FNDA:0,(anonymous_13)
FNDA:0,(anonymous_14)
FNDA:6,(anonymous_15)
FNDA:2,(anonymous_16)
FNDA:7,(anonymous_17)
FNDA:1,(anonymous_18)
FNDA:1,(anonymous_19)
FNDA:1,(anonymous_20)
DA:13,17
DA:14,17
DA:15,17
DA:16,17
DA:21,17
DA:23,17
DA:27,17
DA:52,17
DA:56,17
DA:57,17
DA:58,17
DA:59,17
DA:60,17
DA:61,17
DA:62,17
DA:64,17
DA:65,17
DA:66,17
DA:67,17
DA:68,17
DA:69,17
DA:70,17
DA:74,0
DA:75,0
DA:76,0
DA:77,0
DA:79,0
DA:80,0
DA:81,0
DA:86,2
DA:87,2
DA:88,1
DA:89,1
DA:90,1
DA:91,1
DA:96,3
DA:97,3
DA:99,3
DA:100,2
DA:101,2
DA:102,1
DA:105,2
DA:111,2
DA:112,2
DA:113,2
DA:118,0
DA:119,0
DA:120,0
DA:121,0
DA:122,0
DA:123,0
DA:124,0
DA:126,0
DA:132,0
DA:134,0
DA:139,6
DA:143,2
DA:144,2
DA:145,2
DA:146,2
DA:151,7
DA:154,7
DA:157,7
DA:160,7
DA:161,1
DA:165,7
DA:168,7
DA:170,7
DA:174,1
DA:182,1
DA:183,1
DA:184,1
DA:185,1
DA:187,1
DA:188,1
DA:189,1
DA:194,1
DA:195,1
LF:78
LH:61
BRDA:12,0,0,17
BRDA:64,1,0,17
BRDA:64,1,1,0
BRDA:65,2,0,17
BRDA:65,2,1,0
BRDA:66,3,0,17
BRDA:66,3,1,0
BRDA:67,4,0,17
BRDA:67,4,1,0
BRDA:68,5,0,17
BRDA:68,5,1,0
BRDA:69,6,0,17
BRDA:69,6,1,0
BRDA:70,7,0,17
BRDA:70,7,1,0
BRDA:79,8,0,0
BRDA:79,8,1,0
BRDA:87,9,0,1
BRDA:87,9,1,1
BRDA:99,10,0,2
BRDA:99,10,1,1
BRDA:99,11,0,3
BRDA:99,11,1,2
BRDA:101,12,0,1
BRDA:101,12,1,1
BRDA:101,13,0,2
BRDA:101,13,1,1
BRDA:119,14,0,0
BRDA:119,14,1,0
BRDA:144,15,0,2
BRDA:144,15,1,0
BRDA:161,16,0,1
BRDA:161,16,1,0
BRDA:183,17,0,1
BRDA:183,17,1,0
BRDA:187,18,0,1
BRDA:187,18,1,0
BRDA:188,19,0,1
BRDA:188,19,1,0
BRDA:194,20,0,1
BRDA:194,20,1,0
BRDA:194,21,0,1
BRDA:194,21,1,1
BRF:43
BRH:26
end_of_record
