{"/workspaces/C270-E62H-Team-4/backend/server.js": {"path":"/workspaces/C270-E62H-Team-4/backend/server.js","statementMap":{"0":{"start":{"line":1,"column":16},"end":{"line":1,"column":34}},"1":{"start":{"line":2,"column":13},"end":{"line":2,"column":28}},"2":{"start":{"line":3,"column":15},"end":{"line":3,"column":32}},"3":{"start":{"line":5,"column":0},"end":{"line":5,"column":16}},"4":{"start":{"line":7,"column":12},"end":{"line":7,"column":21}},"5":{"start":{"line":8,"column":13},"end":{"line":8,"column":37}},"6":{"start":{"line":11,"column":0},"end":{"line":11,"column":24}},"7":{"start":{"line":12,"column":0},"end":{"line":12,"column":48}},"8":{"start":{"line":13,"column":0},"end":{"line":13,"column":16}},"9":{"start":{"line":16,"column":0},"end":{"line":16,"column":53}},"10":{"start":{"line":17,"column":0},"end":{"line":17,"column":45}},"11":{"start":{"line":20,"column":0},"end":{"line":22,"column":3}},"12":{"start":{"line":21,"column":2},"end":{"line":21,"column":29}},"13":{"start":{"line":25,"column":0},"end":{"line":28,"column":3}},"14":{"start":{"line":26,"column":2},"end":{"line":26,"column":27}},"15":{"start":{"line":27,"column":2},"end":{"line":27,"column":59}},"16":{"start":{"line":33,"column":0},"end":{"line":35,"column":3}},"17":{"start":{"line":34,"column":2},"end":{"line":34,"column":48}},"18":{"start":{"line":37,"column":0},"end":{"line":37,"column":21}}},"fnMap":{"0":{"name":"(anonymous_0)","decl":{"start":{"line":20,"column":23},"end":{"line":20,"column":24}},"loc":{"start":{"line":20,"column":37},"end":{"line":22,"column":1}},"line":20},"1":{"name":"(anonymous_1)","decl":{"start":{"line":25,"column":8},"end":{"line":25,"column":9}},"loc":{"start":{"line":25,"column":33},"end":{"line":28,"column":1}},"line":25},"2":{"name":"(anonymous_2)","decl":{"start":{"line":33,"column":17},"end":{"line":33,"column":18}},"loc":{"start":{"line":33,"column":23},"end":{"line":35,"column":1}},"line":33}},"branchMap":{"0":{"loc":{"start":{"line":8,"column":13},"end":{"line":8,"column":37}},"type":"binary-expr","locations":[{"start":{"line":8,"column":13},"end":{"line":8,"column":29}},{"start":{"line":8,"column":33},"end":{"line":8,"column":37}}],"line":8}},"s":{"0":0,"1":0,"2":0,"3":0,"4":0,"5":0,"6":0,"7":0,"8":0,"9":0,"10":0,"11":0,"12":0,"13":0,"14":0,"15":0,"16":0,"17":0,"18":0},"f":{"0":0,"1":0,"2":0},"b":{"0":[0,0]}}
,"/workspaces/C270-E62H-Team-4/backend/models/Reply.js": {"path":"/workspaces/C270-E62H-Team-4/backend/models/Reply.js","statementMap":{"0":{"start":{"line":1,"column":17},"end":{"line":1,"column":36}},"1":{"start":{"line":2,"column":19},"end":{"line":2,"column":27}},"2":{"start":{"line":4,"column":20},"end":{"line":48,"column":24}},"3":{"start":{"line":51,"column":0},"end":{"line":51,"column":50}},"4":{"start":{"line":53,"column":0},"end":{"line":53,"column":54}}},"fnMap":{},"branchMap":{},"s":{"0":1,"1":1,"2":1,"3":1,"4":1},"f":{},"b":{},"_coverageSchema":"1a1c01bbd47fc00a2c39e90264f33305004495a9","hash":"472b5fff156c873d6eafd1383246eda4e292ba1e"}
,"/workspaces/C270-E62H-Team-4/backend/models/Thread.js": {"path":"/workspaces/C270-E62H-Team-4/backend/models/Thread.js","statementMap":{"0":{"start":{"line":1,"column":17},"end":{"line":1,"column":36}},"1":{"start":{"line":2,"column":19},"end":{"line":2,"column":27}},"2":{"start":{"line":4,"column":21},"end":{"line":41,"column":24}},"3":{"start":{"line":44,"column":0},"end":{"line":44,"column":38}},"4":{"start":{"line":45,"column":0},"end":{"line":45,"column":34}},"5":{"start":{"line":47,"column":0},"end":{"line":47,"column":56}}},"fnMap":{},"branchMap":{},"s":{"0":1,"1":1,"2":1,"3":1,"4":1,"5":1},"f":{},"b":{},"_coverageSchema":"1a1c01bbd47fc00a2c39e90264f33305004495a9","hash":"3957a051c9db24d8be8c5d1884d605b84b2a4d42"}
,"/workspaces/C270-E62H-Team-4/backend/routes/replies.js": {"path":"/workspaces/C270-E62H-Team-4/backend/routes/replies.js","statementMap":{"0":{"start":{"line":1,"column":16},"end":{"line":1,"column":34}},"1":{"start":{"line":2,"column":15},"end":{"line":2,"column":31}},"2":{"start":{"line":3,"column":23},"end":{"line":3,"column":38}},"3":{"start":{"line":4,"column":14},"end":{"line":4,"column":40}},"4":{"start":{"line":5,"column":15},"end":{"line":5,"column":42}},"5":{"start":{"line":8,"column":0},"end":{"line":45,"column":3}},"6":{"start":{"line":9,"column":2},"end":{"line":44,"column":3}},"7":{"start":{"line":10,"column":25},"end":{"line":10,"column":35}},"8":{"start":{"line":11,"column":45},"end":{"line":11,"column":53}},"9":{"start":{"line":14,"column":4},"end":{"line":18,"column":5}},"10":{"start":{"line":15,"column":6},"end":{"line":17,"column":9}},"11":{"start":{"line":21,"column":19},"end":{"line":21,"column":57}},"12":{"start":{"line":22,"column":4},"end":{"line":24,"column":5}},"13":{"start":{"line":23,"column":6},"end":{"line":23,"column":65}},"14":{"start":{"line":26,"column":18},"end":{"line":32,"column":6}},"15":{"start":{"line":34,"column":23},"end":{"line":34,"column":41}},"16":{"start":{"line":37,"column":4},"end":{"line":37,"column":40}},"17":{"start":{"line":38,"column":4},"end":{"line":38,"column":46}},"18":{"start":{"line":39,"column":4},"end":{"line":39,"column":24}},"19":{"start":{"line":41,"column":4},"end":{"line":41,"column":37}},"20":{"start":{"line":43,"column":4},"end":{"line":43,"column":51}},"21":{"start":{"line":48,"column":0},"end":{"line":80,"column":3}},"22":{"start":{"line":49,"column":2},"end":{"line":79,"column":3}},"23":{"start":{"line":50,"column":25},"end":{"line":50,"column":35}},"24":{"start":{"line":51,"column":17},"end":{"line":51,"column":46}},"25":{"start":{"line":52,"column":18},"end":{"line":52,"column":49}},"26":{"start":{"line":53,"column":17},"end":{"line":53,"column":35}},"27":{"start":{"line":56,"column":19},"end":{"line":56,"column":57}},"28":{"start":{"line":57,"column":4},"end":{"line":59,"column":5}},"29":{"start":{"line":58,"column":6},"end":{"line":58,"column":65}},"30":{"start":{"line":61,"column":20},"end":{"line":64,"column":19}},"31":{"start":{"line":66,"column":18},"end":{"line":66,"column":58}},"32":{"start":{"line":68,"column":4},"end":{"line":76,"column":7}},"33":{"start":{"line":78,"column":4},"end":{"line":78,"column":51}},"34":{"start":{"line":83,"column":0},"end":{"line":95,"column":3}},"35":{"start":{"line":84,"column":2},"end":{"line":94,"column":3}},"36":{"start":{"line":85,"column":18},"end":{"line":85,"column":65}},"37":{"start":{"line":87,"column":4},"end":{"line":89,"column":5}},"38":{"start":{"line":88,"column":6},"end":{"line":88,"column":64}},"39":{"start":{"line":91,"column":4},"end":{"line":91,"column":20}},"40":{"start":{"line":93,"column":4},"end":{"line":93,"column":51}},"41":{"start":{"line":98,"column":0},"end":{"line":116,"column":3}},"42":{"start":{"line":99,"column":2},"end":{"line":115,"column":3}},"43":{"start":{"line":100,"column":37},"end":{"line":100,"column":45}},"44":{"start":{"line":102,"column":18},"end":{"line":106,"column":5}},"45":{"start":{"line":108,"column":4},"end":{"line":110,"column":5}},"46":{"start":{"line":109,"column":6},"end":{"line":109,"column":64}},"47":{"start":{"line":112,"column":4},"end":{"line":112,"column":20}},"48":{"start":{"line":114,"column":4},"end":{"line":114,"column":51}},"49":{"start":{"line":119,"column":0},"end":{"line":139,"column":3}},"50":{"start":{"line":120,"column":2},"end":{"line":138,"column":3}},"51":{"start":{"line":121,"column":18},"end":{"line":121,"column":74}},"52":{"start":{"line":123,"column":4},"end":{"line":125,"column":5}},"53":{"start":{"line":124,"column":6},"end":{"line":124,"column":64}},"54":{"start":{"line":128,"column":19},"end":{"line":128,"column":63}},"55":{"start":{"line":129,"column":4},"end":{"line":133,"column":5}},"56":{"start":{"line":130,"column":6},"end":{"line":130,"column":89}},"57":{"start":{"line":130,"column":50},"end":{"line":130,"column":87}},"58":{"start":{"line":131,"column":6},"end":{"line":131,"column":48}},"59":{"start":{"line":132,"column":6},"end":{"line":132,"column":26}},"60":{"start":{"line":135,"column":4},"end":{"line":135,"column":56}},"61":{"start":{"line":137,"column":4},"end":{"line":137,"column":51}},"62":{"start":{"line":141,"column":0},"end":{"line":141,"column":24}}},"fnMap":{"0":{"name":"(anonymous_0)","decl":{"start":{"line":8,"column":34},"end":{"line":8,"column":35}},"loc":{"start":{"line":8,"column":54},"end":{"line":45,"column":1}},"line":8},"1":{"name":"(anonymous_1)","decl":{"start":{"line":48,"column":33},"end":{"line":48,"column":34}},"loc":{"start":{"line":48,"column":53},"end":{"line":80,"column":1}},"line":48},"2":{"name":"(anonymous_2)","decl":{"start":{"line":83,"column":30},"end":{"line":83,"column":31}},"loc":{"start":{"line":83,"column":50},"end":{"line":95,"column":1}},"line":83},"3":{"name":"(anonymous_3)","decl":{"start":{"line":98,"column":30},"end":{"line":98,"column":31}},"loc":{"start":{"line":98,"column":50},"end":{"line":116,"column":1}},"line":98},"4":{"name":"(anonymous_4)","decl":{"start":{"line":119,"column":33},"end":{"line":119,"column":34}},"loc":{"start":{"line":119,"column":53},"end":{"line":139,"column":1}},"line":119},"5":{"name":"(anonymous_5)","decl":{"start":{"line":130,"column":45},"end":{"line":130,"column":46}},"loc":{"start":{"line":130,"column":50},"end":{"line":130,"column":87}},"line":130}},"branchMap":{"0":{"loc":{"start":{"line":14,"column":4},"end":{"line":18,"column":5}},"type":"if","locations":[{"start":{"line":14,"column":4},"end":{"line":18,"column":5}},{"start":{},"end":{}}],"line":14},"1":{"loc":{"start":{"line":14,"column":8},"end":{"line":14,"column":27}},"type":"binary-expr","locations":[{"start":{"line":14,"column":8},"end":{"line":14,"column":16}},{"start":{"line":14,"column":20},"end":{"line":14,"column":27}}],"line":14},"2":{"loc":{"start":{"line":22,"column":4},"end":{"line":24,"column":5}},"type":"if","locations":[{"start":{"line":22,"column":4},"end":{"line":24,"column":5}},{"start":{},"end":{}}],"line":22},"3":{"loc":{"start":{"line":31,"column":19},"end":{"line":31,"column":38}},"type":"binary-expr","locations":[{"start":{"line":31,"column":19},"end":{"line":31,"column":30}},{"start":{"line":31,"column":34},"end":{"line":31,"column":38}}],"line":31},"4":{"loc":{"start":{"line":51,"column":17},"end":{"line":51,"column":46}},"type":"binary-expr","locations":[{"start":{"line":51,"column":17},"end":{"line":51,"column":41}},{"start":{"line":51,"column":45},"end":{"line":51,"column":46}}],"line":51},"5":{"loc":{"start":{"line":52,"column":18},"end":{"line":52,"column":49}},"type":"binary-expr","locations":[{"start":{"line":52,"column":18},"end":{"line":52,"column":43}},{"start":{"line":52,"column":47},"end":{"line":52,"column":49}}],"line":52},"6":{"loc":{"start":{"line":57,"column":4},"end":{"line":59,"column":5}},"type":"if","locations":[{"start":{"line":57,"column":4},"end":{"line":59,"column":5}},{"start":{},"end":{}}],"line":57},"7":{"loc":{"start":{"line":87,"column":4},"end":{"line":89,"column":5}},"type":"if","locations":[{"start":{"line":87,"column":4},"end":{"line":89,"column":5}},{"start":{},"end":{}}],"line":87},"8":{"loc":{"start":{"line":108,"column":4},"end":{"line":110,"column":5}},"type":"if","locations":[{"start":{"line":108,"column":4},"end":{"line":110,"column":5}},{"start":{},"end":{}}],"line":108},"9":{"loc":{"start":{"line":123,"column":4},"end":{"line":125,"column":5}},"type":"if","locations":[{"start":{"line":123,"column":4},"end":{"line":125,"column":5}},{"start":{},"end":{}}],"line":123},"10":{"loc":{"start":{"line":129,"column":4},"end":{"line":133,"column":5}},"type":"if","locations":[{"start":{"line":129,"column":4},"end":{"line":133,"column":5}},{"start":{},"end":{}}],"line":129}},"s":{"0":0,"1":0,"2":0,"3":0,"4":0,"5":0,"6":0,"7":0,"8":0,"9":0,"10":0,"11":0,"12":0,"13":0,"14":0,"15":0,"16":0,"17":0,"18":0,"19":0,"20":0,"21":0,"22":0,"23":0,"24":0,"25":0,"26":0,"27":0,"28":0,"29":0,"30":0,"31":0,"32":0,"33":0,"34":0,"35":0,"36":0,"37":0,"38":0,"39":0,"40":0,"41":0,"42":0,"43":0,"44":0,"45":0,"46":0,"47":0,"48":0,"49":0,"50":0,"51":0,"52":0,"53":0,"54":0,"55":0,"56":0,"57":0,"58":0,"59":0,"60":0,"61":0,"62":0},"f":{"0":0,"1":0,"2":0,"3":0,"4":0,"5":0},"b":{"0":[0,0],"1":[0,0],"2":[0,0],"3":[0,0],"4":[0,0],"5":[0,0],"6":[0,0],"7":[0,0],"8":[0,0],"9":[0,0],"10":[0,0]}}
,"/workspaces/C270-E62H-Team-4/backend/routes/threads.js": {"path":"/workspaces/C270-E62H-Team-4/backend/routes/threads.js","statementMap":{"0":{"start":{"line":1,"column":16},"end":{"line":1,"column":34}},"1":{"start":{"line":2,"column":15},"end":{"line":2,"column":31}},"2":{"start":{"line":3,"column":23},"end":{"line":3,"column":38}},"3":{"start":{"line":4,"column":15},"end":{"line":4,"column":42}},"4":{"start":{"line":7,"column":0},"end":{"line":30,"column":3}},"5":{"start":{"line":8,"column":2},"end":{"line":29,"column":3}},"6":{"start":{"line":9,"column":39},"end":{"line":9,"column":47}},"7":{"start":{"line":12,"column":4},"end":{"line":16,"column":5}},"8":{"start":{"line":13,"column":6},"end":{"line":15,"column":9}},"9":{"start":{"line":18,"column":19},"end":{"line":23,"column":6}},"10":{"start":{"line":25,"column":24},"end":{"line":25,"column":43}},"11":{"start":{"line":26,"column":4},"end":{"line":26,"column":38}},"12":{"start":{"line":28,"column":4},"end":{"line":28,"column":51}},"13":{"start":{"line":33,"column":0},"end":{"line":59,"column":3}},"14":{"start":{"line":34,"column":2},"end":{"line":58,"column":3}},"15":{"start":{"line":35,"column":17},"end":{"line":35,"column":46}},"16":{"start":{"line":36,"column":18},"end":{"line":36,"column":49}},"17":{"start":{"line":37,"column":17},"end":{"line":37,"column":35}},"18":{"start":{"line":39,"column":20},"end":{"line":43,"column":25}},"19":{"start":{"line":45,"column":18},"end":{"line":45,"column":47}},"20":{"start":{"line":47,"column":4},"end":{"line":55,"column":7}},"21":{"start":{"line":57,"column":4},"end":{"line":57,"column":51}},"22":{"start":{"line":62,"column":0},"end":{"line":74,"column":3}},"23":{"start":{"line":63,"column":2},"end":{"line":73,"column":3}},"24":{"start":{"line":64,"column":19},"end":{"line":64,"column":68}},"25":{"start":{"line":66,"column":4},"end":{"line":68,"column":5}},"26":{"start":{"line":67,"column":6},"end":{"line":67,"column":65}},"27":{"start":{"line":70,"column":4},"end":{"line":70,"column":21}},"28":{"start":{"line":72,"column":4},"end":{"line":72,"column":51}},"29":{"start":{"line":77,"column":0},"end":{"line":95,"column":3}},"30":{"start":{"line":78,"column":2},"end":{"line":94,"column":3}},"31":{"start":{"line":79,"column":31},"end":{"line":79,"column":39}},"32":{"start":{"line":81,"column":19},"end":{"line":85,"column":5}},"33":{"start":{"line":87,"column":4},"end":{"line":89,"column":5}},"34":{"start":{"line":88,"column":6},"end":{"line":88,"column":65}},"35":{"start":{"line":91,"column":4},"end":{"line":91,"column":21}},"36":{"start":{"line":93,"column":4},"end":{"line":93,"column":51}},"37":{"start":{"line":98,"column":0},"end":{"line":114,"column":3}},"38":{"start":{"line":99,"column":2},"end":{"line":113,"column":3}},"39":{"start":{"line":100,"column":19},"end":{"line":100,"column":77}},"40":{"start":{"line":102,"column":4},"end":{"line":104,"column":5}},"41":{"start":{"line":103,"column":6},"end":{"line":103,"column":65}},"42":{"start":{"line":107,"column":18},"end":{"line":107,"column":44}},"43":{"start":{"line":108,"column":4},"end":{"line":108,"column":62}},"44":{"start":{"line":110,"column":4},"end":{"line":110,"column":57}},"45":{"start":{"line":112,"column":4},"end":{"line":112,"column":51}},"46":{"start":{"line":116,"column":0},"end":{"line":116,"column":24}}},"fnMap":{"0":{"name":"(anonymous_0)","decl":{"start":{"line":7,"column":17},"end":{"line":7,"column":18}},"loc":{"start":{"line":7,"column":37},"end":{"line":30,"column":1}},"line":7},"1":{"name":"(anonymous_1)","decl":{"start":{"line":33,"column":16},"end":{"line":33,"column":17}},"loc":{"start":{"line":33,"column":36},"end":{"line":59,"column":1}},"line":33},"2":{"name":"(anonymous_2)","decl":{"start":{"line":62,"column":25},"end":{"line":62,"column":26}},"loc":{"start":{"line":62,"column":45},"end":{"line":74,"column":1}},"line":62},"3":{"name":"(anonymous_3)","decl":{"start":{"line":77,"column":25},"end":{"line":77,"column":26}},"loc":{"start":{"line":77,"column":45},"end":{"line":95,"column":1}},"line":77},"4":{"name":"(anonymous_4)","decl":{"start":{"line":98,"column":28},"end":{"line":98,"column":29}},"loc":{"start":{"line":98,"column":48},"end":{"line":114,"column":1}},"line":98}},"branchMap":{"0":{"loc":{"start":{"line":12,"column":4},"end":{"line":16,"column":5}},"type":"if","locations":[{"start":{"line":12,"column":4},"end":{"line":16,"column":5}},{"start":{},"end":{}}],"line":12},"1":{"loc":{"start":{"line":12,"column":8},"end":{"line":12,"column":37}},"type":"binary-expr","locations":[{"start":{"line":12,"column":8},"end":{"line":12,"column":14}},{"start":{"line":12,"column":18},"end":{"line":12,"column":26}},{"start":{"line":12,"column":30},"end":{"line":12,"column":37}}],"line":12},"2":{"loc":{"start":{"line":35,"column":17},"end":{"line":35,"column":46}},"type":"binary-expr","locations":[{"start":{"line":35,"column":17},"end":{"line":35,"column":41}},{"start":{"line":35,"column":45},"end":{"line":35,"column":46}}],"line":35},"3":{"loc":{"start":{"line":36,"column":18},"end":{"line":36,"column":49}},"type":"binary-expr","locations":[{"start":{"line":36,"column":18},"end":{"line":36,"column":43}},{"start":{"line":36,"column":47},"end":{"line":36,"column":49}}],"line":36},"4":{"loc":{"start":{"line":66,"column":4},"end":{"line":68,"column":5}},"type":"if","locations":[{"start":{"line":66,"column":4},"end":{"line":68,"column":5}},{"start":{},"end":{}}],"line":66},"5":{"loc":{"start":{"line":87,"column":4},"end":{"line":89,"column":5}},"type":"if","locations":[{"start":{"line":87,"column":4},"end":{"line":89,"column":5}},{"start":{},"end":{}}],"line":87},"6":{"loc":{"start":{"line":102,"column":4},"end":{"line":104,"column":5}},"type":"if","locations":[{"start":{"line":102,"column":4},"end":{"line":104,"column":5}},{"start":{},"end":{}}],"line":102}},"s":{"0":0,"1":0,"2":0,"3":0,"4":0,"5":0,"6":0,"7":0,"8":0,"9":0,"10":0,"11":0,"12":0,"13":0,"14":0,"15":0,"16":0,"17":0,"18":0,"19":0,"20":0,"21":0,"22":0,"23":0,"24":0,"25":0,"26":0,"27":0,"28":0,"29":0,"30":0,"31":0,"32":0,"33":0,"34":0,"35":0,"36":0,"37":0,"38":0,"39":0,"40":0,"41":0,"42":0,"43":0,"44":0,"45":0,"46":0},"f":{"0":0,"1":0,"2":0,"3":0,"4":0},"b":{"0":[0,0],"1":[0,0,0],"2":[0,0],"3":[0,0],"4":[0,0],"5":[0,0],"6":[0,0]}}
}
